[debug] [2021-11-15T03:33:40.096Z] ----------------------------------------------------------------------
[debug] [2021-11-15T03:33:40.099Z] Command:       C:\Program Files\nodejs\node.exe C:\Users\Barnali\AppData\Roaming\npm\node_modules\firebase-tools\lib\bin\firebase.js init hosting
[debug] [2021-11-15T03:33:40.100Z] CLI Version:   9.22.0
[debug] [2021-11-15T03:33:40.100Z] Platform:      win32
[debug] [2021-11-15T03:33:40.100Z] Node Version:  v14.18.0
[debug] [2021-11-15T03:33:40.101Z] Time:          Mon Nov 15 2021 09:03:40 GMT+0530 (India Standard Time)
[debug] [2021-11-15T03:33:40.101Z] ----------------------------------------------------------------------
[debug] 
[debug] [2021-11-15T03:33:40.112Z] > command requires scopes: ["email","openid","https://www.googleapis.com/auth/cloudplatformprojects.readonly","https://www.googleapis.com/auth/firebase","https://www.googleapis.com/auth/cloud-platform"]
[debug] [2021-11-15T03:33:40.112Z] > authorizing via signed-in user (babuxy@gmail.com)
[info] 
     ######## #### ########  ######## ########     ###     ######  ########
     ##        ##  ##     ## ##       ##     ##  ##   ##  ##       ##
     ######    ##  ########  ######   ########  #########  ######  ######
     ##        ##  ##    ##  ##       ##     ## ##     ##       ## ##
     ##       #### ##     ## ######## ########  ##     ##  ######  ########

You're about to initialize a Firebase project in this directory:

  C:\nology\punk-api

Before we get started, keep in mind:

  * You are currently outside your home directory

[info] 
=== Project Setup
[info] 
[info] First, let's associate this project directory with a Firebase project.
[info] You can create multiple project aliases by running firebase use --add, 
[info] but for now we'll just set up a default project.
[info] 
[debug] [2021-11-15T03:34:46.998Z] ----------------------------------------------------------------------
[debug] [2021-11-15T03:34:47.001Z] Command:       C:\Program Files\nodejs\node.exe C:\Users\Barnali\AppData\Roaming\npm\node_modules\firebase-tools\lib\bin\firebase.js init hosting
[debug] [2021-11-15T03:34:47.002Z] CLI Version:   9.22.0
[debug] [2021-11-15T03:34:47.002Z] Platform:      win32
[debug] [2021-11-15T03:34:47.002Z] Node Version:  v14.18.0
[debug] [2021-11-15T03:34:47.003Z] Time:          Mon Nov 15 2021 09:04:47 GMT+0530 (India Standard Time)
[debug] [2021-11-15T03:34:47.003Z] ----------------------------------------------------------------------
[debug] 
[debug] [2021-11-15T03:34:47.014Z] > command requires scopes: ["email","openid","https://www.googleapis.com/auth/cloudplatformprojects.readonly","https://www.googleapis.com/auth/firebase","https://www.googleapis.com/auth/cloud-platform"]
[debug] [2021-11-15T03:34:47.014Z] > authorizing via signed-in user (babuxy@gmail.com)
[info] 
     ######## #### ########  ######## ########     ###     ######  ########
     ##        ##  ##     ## ##       ##     ##  ##   ##  ##       ##
     ######    ##  ########  ######   ########  #########  ######  ######
     ##        ##  ##    ##  ##       ##     ## ##     ##       ## ##
     ##       #### ##     ## ######## ########  ##     ##  ######  ########

You're about to initialize a Firebase project in this directory:

  C:\nology\punk-api

Before we get started, keep in mind:

  * You are currently outside your home directory

[debug] [2021-11-15T03:34:48.934Z] > refreshing access token with scopes: []
[debug] [2021-11-15T03:34:48.934Z] >>> HTTP REQUEST POST https://www.googleapis.com/oauth2/v3/token  
 <request body omitted>
[debug] [2021-11-15T03:34:49.794Z] <<< HTTP RESPONSE 200 {"date":"Mon, 15 Nov 2021 03:34:53 GMT","expires":"Mon, 01 Jan 1990 00:00:00 GMT","pragma":"no-cache","cache-control":"no-cache, no-store, max-age=0, must-revalidate","content-type":"application/json; charset=utf-8","vary":"X-Origin, Referer, Origin,Accept-Encoding","server":"scaffolding on HTTPServer2","x-xss-protection":"0","x-frame-options":"SAMEORIGIN","x-content-type-options":"nosniff","alt-svc":"clear","accept-ranges":"none","transfer-encoding":"chunked"}
[debug] [2021-11-15T03:34:49.818Z] >>> [apiv2][query] GET https://firebase.googleapis.com/v1beta1/availableProjects pageSize=100
[debug] [2021-11-15T03:34:51.522Z] <<< [apiv2][status] GET https://firebase.googleapis.com/v1beta1/availableProjects 200
[debug] [2021-11-15T03:34:51.523Z] <<< [apiv2][body] GET https://firebase.googleapis.com/v1beta1/availableProjects [omitted]
[info] 
=== Project Setup
[info] 
[info] First, let's associate this project directory with a Firebase project.
[info] You can create multiple project aliases by running firebase use --add, 
[info] but for now we'll just set up a default project.
[info] 
